{"/Users/gabrielggsicuto/Documents/Ironhack/Extras/api_tdd_jest/src/firstTest/sum.js": {"path":"/Users/gabrielggsicuto/Documents/Ironhack/Extras/api_tdd_jest/src/firstTest/sum.js","all":false,"statementMap":{"0":{"start":{"line":1,"column":0},"end":{"line":1,"column":38}},"1":{"start":{"line":2,"column":0},"end":{"line":2,"column":20}},"2":{"start":{"line":3,"column":0},"end":{"line":3,"column":1}}},"s":{"0":1,"1":1,"2":1},"branchMap":{"0":{"type":"branch","line":1,"loc":{"start":{"line":1,"column":21},"end":{"line":3,"column":1}},"locations":[{"start":{"line":1,"column":21},"end":{"line":3,"column":1}}]}},"b":{"0":[1]},"fnMap":{"0":{"name":"Object.<anonymous>.module.exports.sum","decl":{"start":{"line":1,"column":21},"end":{"line":3,"column":1}},"loc":{"start":{"line":1,"column":21},"end":{"line":3,"column":1}},"line":1}},"f":{"0":1}}
}
