{"/Users/gabrielggsicuto/Documents/Ironhack/Extras/api_tdd_jest/src/anything.js": {"path":"/Users/gabrielggsicuto/Documents/Ironhack/Extras/api_tdd_jest/src/anything.js","all":true,"statementMap":{"0":{"start":{"line":1,"column":0},"end":{"line":1,"column":19}}},"s":{"0":0},"branchMap":{"0":{"type":"branch","line":1,"loc":{"start":{"line":1,"column":0},"end":{"line":1,"column":19}},"locations":[{"start":{"line":1,"column":0},"end":{"line":1,"column":19}}]}},"b":{"0":[0]},"fnMap":{"0":{"name":"(empty-report)","decl":{"start":{"line":1,"column":0},"end":{"line":1,"column":19}},"loc":{"start":{"line":1,"column":0},"end":{"line":1,"column":19}},"line":1}},"f":{"0":0}}
}
